\BOOKMARK [1][-]{section.1}{\376\377\000A\000p\000e\000r\000\347\000u\000\040\000d\000u\000\040\000P\000r\000o\000j\000e\000t}{}% 1
\BOOKMARK [1][-]{section.2}{\376\377\000O\000b\000j\000e\000c\000t\000i\000f\000s}{}% 2
\BOOKMARK [1][-]{section.3}{\376\377\000P\000o\000r\000t\000\351\000e}{}% 3
\BOOKMARK [2][-]{subsection.3.1}{\376\377\000E\000n\000t\000i\000t\000\351\000s\000\040\000d\000e\000\040\000l\000a\000\040\000B\000a\000s\000e\000\040\000d\000e\000\040\000D\000o\000n\000n\000\351\000e\000s}{section.3}% 4
\BOOKMARK [2][-]{subsection.3.2}{\376\377\000F\000o\000n\000c\000t\000i\000o\000n\000n\000a\000l\000i\000t\000\351\000s\000\040\000C\000l\000\351\000s}{section.3}% 5
\BOOKMARK [1][-]{section.4}{\376\377\000E\000n\000t\000i\000t\000\351\000s}{}% 6
\BOOKMARK [2][-]{subsection.4.1}{\376\377\000U\000t\000i\000l\000i\000s\000a\000t\000e\000u\000r}{section.4}% 7
\BOOKMARK [2][-]{subsection.4.2}{\376\377\000V\000i\000d\000\351\000o}{section.4}% 8
\BOOKMARK [2][-]{subsection.4.3}{\376\377\000P\000r\000o\000g\000r\000a\000m\000m\000e}{section.4}% 9
\BOOKMARK [2][-]{subsection.4.4}{\376\377\000V\000i\000s\000i\000o\000n\000n\000a\000g\000e\000\040\000V\000i\000d\000\351\000o}{section.4}% 10
\BOOKMARK [2][-]{subsection.4.5}{\376\377\000C\000a\000t\000\351\000g\000o\000r\000i\000e}{section.4}% 11
\BOOKMARK [2][-]{subsection.4.6}{\376\377\000S\000u\000g\000g\000e\000s\000t\000i\000o\000n\000s\000\040\000d\000e\000\040\000V\000i\000s\000i\000o\000n\000n\000a\000g\000e}{section.4}% 12
\BOOKMARK [1][-]{section.5}{\376\377\000C\000r\000\351\000a\000t\000i\000o\000n\000\040\000d\000e\000\040\000l\000a\000\040\000B\000a\000s\000e\000\040\000d\000e\000\040\000D\000o\000n\000n\000\351\000e\000s}{}% 13
\BOOKMARK [2][-]{subsection.5.1}{\376\377\000T\000a\000b\000l\000e\000s\000\040\000S\000Q\000L}{section.5}% 14
\BOOKMARK [2][-]{subsection.5.2}{\376\377\000M\000o\000d\000\350\000l\000e\000\040\000E\000/\000A}{section.5}% 15
\BOOKMARK [2][-]{subsection.5.3}{\376\377\000M\000o\000d\000\350\000l\000e\000\040\000E\000R\000D}{section.5}% 16
\BOOKMARK [1][-]{section.6}{\376\377\000R\000e\000q\000u\000\352\000t\000e\000s\000\040\000S\000Q\000L}{}% 17
\BOOKMARK [2][-]{subsection.6.1}{\376\377\000N\000o\000m\000b\000r\000e\000\040\000d\000e\000\040\000v\000i\000s\000i\000o\000n\000n\000a\000g\000e\000s\000\040\000d\000e\000\040\000v\000i\000d\000\351\000o\000s\000\040\000p\000a\000r\000\040\000c\000a\000t\000\351\000g\000o\000r\000i\000e\000\040\000p\000o\000u\000r\000\040\000l\000e\000s\000\040\000v\000i\000s\000i\000o\000n\000n\000a\000g\000e\000s\000\040\000d\000e\000\040\000m\000o\000i\000n\000s\000\040\000d\000e\000\040\000d\000e\000u\000x\000\040\000s\000e\000m\000a\000i\000n\000e\000s}{section.6}% 18
\BOOKMARK [2][-]{subsection.6.2}{\376\377\000P\000a\000r\000\040\000u\000t\000i\000l\000i\000s\000a\000t\000e\000u\000r\000,\000\040\000l\000e\000\040\000n\000o\000m\000b\000r\000e\000\040\000d\000'\000a\000b\000o\000n\000n\000e\000m\000e\000n\000t\000s\000,\000\040\000d\000e\000\040\000f\000a\000v\000o\000r\000i\000s\000\040\000e\000t\000\040\000d\000e\000\040\000v\000i\000d\000\351\000o\000s\000\040\000v\000i\000s\000i\000o\000n\000n\000\351\000e\000s}{section.6}% 19
\BOOKMARK [2][-]{subsection.6.3}{\376\377\000N\000o\000m\000b\000r\000e\000\040\000d\000e\000\040\000v\000i\000s\000i\000o\000n\000n\000a\000g\000e\000s\000\040\000p\000a\000r\000\040\000d\000e\000s\000\040\000u\000t\000i\000l\000i\000s\000a\000t\000e\000u\000r\000s\000\040\000f\000r\000a\000n\000\347\000a\000i\000s\000\040\000e\000t\000\040\000a\000l\000l\000e\000m\000a\000n\000d\000s\000,\000\040\000d\000i\000f\000f\000\351\000r\000e\000n\000c\000e\000\040\000t\000r\000i\000\351\000e\000\040\000p\000a\000r\000\040\000v\000a\000l\000e\000u\000r\000\040\000a\000b\000s\000o\000l\000u\000e}{section.6}% 20
\BOOKMARK [2][-]{subsection.6.4}{\376\377\000\311\000p\000i\000s\000o\000d\000e\000s\000\040\000a\000y\000a\000n\000t\000\040\000a\000u\000\040\000m\000o\000i\000n\000s\000\040\000d\000e\000u\000x\000\040\000f\000o\000i\000s\000\040\000p\000l\000u\000s\000\040\000d\000e\000\040\000v\000i\000s\000i\000o\000n\000n\000a\000g\000e\000s\000\040\000q\000u\000e\000\040\000l\000a\000\040\000m\000o\000y\000e\000n\000n\000e\000\040\000d\000e\000s\000\040\000a\000u\000t\000r\000e\000s\000\040\000\351\000p\000i\000s\000o\000d\000e\000s\000\040\000d\000u\000\040\000p\000r\000o\000g\000r\000a\000m\000m\000e}{section.6}% 21
\BOOKMARK [2][-]{subsection.6.5}{\376\377\000L\000e\000s\000\040\0001\0000\000\040\000p\000a\000i\000r\000e\000s\000\040\000d\000e\000\040\000v\000i\000d\000\351\000o\000s\000\040\000a\000p\000p\000a\000r\000a\000i\000s\000s\000a\000n\000t\000\040\000l\000e\000\040\000p\000l\000u\000s\000\040\000s\000o\000u\000v\000e\000n\000t\000\040\000s\000i\000m\000u\000l\000t\000a\000n\000\351\000m\000e\000n\000t\000\040\000d\000a\000n\000s\000\040\000l\000'\000h\000i\000s\000t\000o\000r\000i\000q\000u\000e\000\040\000d\000e\000\040\000v\000i\000s\000i\000o\000n\000n\000a\000g\000e\000\040\000d\000e\000s\000\040\000u\000t\000i\000l\000i\000s\000a\000t\000e\000u\000r\000s}{section.6}% 22
\BOOKMARK [1][-]{section.7}{\376\377\000P\000r\000o\000c\000\351\000d\000u\000r\000e\000s\000\040\000e\000t\000\040\000F\000o\000n\000c\000t\000i\000o\000n\000s\000\040\000P\000L\000/\000S\000Q\000L}{}% 23
\BOOKMARK [2][-]{subsection.7.1}{\376\377\000F\000o\000n\000c\000t\000i\000o\000n\000\040\000p\000o\000u\000r\000\040\000c\000o\000n\000v\000e\000r\000t\000i\000r\000\040\000l\000e\000s\000\040\000i\000n\000f\000o\000r\000m\000a\000t\000i\000o\000n\000s\000\040\000d\000'\000u\000n\000e\000\040\000v\000i\000d\000\351\000o\000\040\000a\000u\000\040\000f\000o\000r\000m\000a\000t\000\040\000J\000S\000O\000N}{section.7}% 24
\BOOKMARK [2][-]{subsection.7.2}{\376\377\000P\000r\000o\000c\000\351\000d\000u\000r\000e\000\040\000p\000o\000u\000r\000\040\000g\000\351\000n\000\351\000r\000e\000r\000\040\000l\000e\000\040\000t\000e\000x\000t\000e\000\040\000i\000n\000i\000t\000i\000a\000l\000\040\000d\000e\000\040\000l\000a\000\040\000n\000e\000w\000s\000l\000e\000t\000t\000e\000r\000\040\000h\000e\000b\000d\000o\000m\000a\000d\000a\000i\000r\000e}{section.7}% 25
\BOOKMARK [2][-]{subsection.7.3}{\376\377\000G\000\351\000n\000\351\000r\000e\000r\000\040\000l\000a\000\040\000l\000i\000s\000t\000e\000\040\000d\000e\000s\000\040\000v\000i\000d\000\351\000o\000s\000\040\000p\000o\000p\000u\000l\000a\000i\000r\000e\000s\000\040\000r\000e\000c\000o\000m\000m\000a\000n\000d\000\351\000e\000s\000\040\000p\000o\000u\000r\000\040\000u\000n\000\040\000u\000t\000i\000l\000i\000s\000a\000t\000e\000u\000r}{section.7}% 26
\BOOKMARK [1][-]{section.8}{\376\377\000D\000\351\000c\000l\000e\000n\000c\000h\000e\000u\000r\000s}{}% 27
\BOOKMARK [2][-]{subsection.8.1}{\376\377\000L\000i\000m\000i\000t\000e\000r\000\040\000l\000e\000s\000\040\000f\000a\000v\000o\000r\000i\000s\000\040\000\340\000\040\0003\0000\0000\000\040\000v\000i\000d\000\351\000o\000s\000\040\000p\000a\000r\000\040\000u\000t\000i\000l\000i\000s\000a\000t\000e\000u\000r}{section.8}% 28
\BOOKMARK [2][-]{subsection.8.2}{\376\377\000A\000r\000c\000h\000i\000v\000a\000g\000e\000\040\000d\000e\000s\000\040\000v\000i\000d\000\351\000o\000s\000\040\000s\000u\000p\000p\000r\000i\000m\000\351\000e\000s}{section.8}% 29
\BOOKMARK [2][-]{subsection.8.3}{\376\377\000L\000i\000m\000i\000t\000e\000r\000\040\000l\000e\000s\000\040\000v\000i\000s\000i\000o\000n\000n\000a\000g\000e\000s\000\040\000\340\000\040\0003\000\040\000p\000a\000r\000\040\000m\000i\000n\000u\000t\000e\000\040\000p\000a\000r\000\040\000u\000t\000i\000l\000i\000s\000a\000t\000e\000u\000r}{section.8}% 30
\BOOKMARK [1][-]{section.9}{\376\377\000I\000n\000d\000e\000x\000\040\000P\000r\000o\000p\000o\000s\000\351\000s}{}% 31
\BOOKMARK [1][-]{section.10}{\376\377\000D\000\351\000f\000i\000n\000i\000t\000i\000o\000n\000s\000\040\000d\000e\000s\000\040\000C\000o\000n\000t\000r\000a\000i\000n\000t\000e\000s\000\040\000d\000'\000I\000n\000t\000\351\000g\000r\000i\000t\000\351}{}% 32
\BOOKMARK [2][-]{subsection.10.1}{\376\377\000T\000a\000b\000l\000e\000\040\000U\000t\000i\000l\000i\000s\000a\000t\000e\000u\000r\000s}{section.10}% 33
\BOOKMARK [2][-]{subsection.10.2}{\376\377\000T\000a\000b\000l\000e\000\040\000C\000a\000t\000\351\000g\000o\000r\000i\000e\000s}{section.10}% 34
\BOOKMARK [2][-]{subsection.10.3}{\376\377\000T\000a\000b\000l\000e\000\040\000P\000r\000o\000g\000r\000a\000m\000m\000e\000s}{section.10}% 35
\BOOKMARK [2][-]{subsection.10.4}{\376\377\000T\000a\000b\000l\000e\000\040\000V\000i\000d\000\351\000o\000s}{section.10}% 36
\BOOKMARK [2][-]{subsection.10.5}{\376\377\000T\000a\000b\000l\000e\000\040\000V\000i\000d\000\351\000o\000s\000\040\000F\000a\000v\000o\000r\000i\000t\000e\000s}{section.10}% 37
\BOOKMARK [2][-]{subsection.10.6}{\376\377\000T\000a\000b\000l\000e\000\040\000V\000i\000s\000i\000o\000n\000n\000a\000g\000e\000s\000\040\000V\000i\000d\000\351\000o}{section.10}% 38
\BOOKMARK [2][-]{subsection.10.7}{\376\377\000T\000a\000b\000l\000e\000\040\000S\000u\000g\000g\000e\000s\000t\000i\000o\000n\000s\000\040\000d\000e\000\040\000V\000i\000s\000i\000o\000n\000n\000a\000g\000e}{section.10}% 39
\BOOKMARK [2][-]{subsection.10.8}{\376\377\000T\000a\000b\000l\000e\000\040\000P\000r\000o\000g\000r\000a\000m\000m\000e\000s\000\040\000A\000b\000o\000n\000n\000\351\000s}{section.10}% 40
